# JRE version: 7.0_25-b17
# Java VM: Java HotSpot(TM) 64-Bit Server VM (23.25-b01 mixed mode windows-amd64 compressed oops)
Heap
 PSYoungGen      total 141184K, used 95510K [0x00000000eb000000, 0x00000000f5000000, 0x0000000100000000)
  eden space 126784K, 64% used [0x00000000eb000000,0x00000000eff3da38,0x00000000f2bd0000)
  from space 14400K, 99% used [0x00000000f3c90000,0x00000000f4a98030,0x00000000f4aa0000)
  to   space 17152K, 0% used [0x00000000f2bd0000,0x00000000f2bd0000,0x00000000f3c90000)
 ParOldGen       total 43008K, used 25160K [0x00000000c1000000, 0x00000000c3a00000, 0x00000000eb000000)
  object space 43008K, 58% used [0x00000000c1000000,0x00000000c2892030,0x00000000c3a00000)
 PSPermGen       total 21248K, used 5092K [0x00000000bbe00000, 0x00000000bd2c0000, 0x00000000c1000000)
  object space 21248K, 23% used [0x00000000bbe00000,0x00000000bc2f9220,0x00000000bd2c0000)
GC Heap History (10 events):
Event: 0.597 GC heap before
{Heap before GC invocations=2 (full 0):
 PSYoungGen      total 18816K, used 18800K [0x00000000eb000000, 0x00000000ed4c0000, 0x0000000100000000)
  eden space 16192K, 100% used [0x00000000eb000000,0x00000000ebfd0000,0x00000000ebfd0000)
  from space 2624K, 99% used [0x00000000ebfd0000,0x00000000ec25c050,0x00000000ec260000)
  to   space 2624K, 0% used [0x00000000ed230000,0x00000000ed230000,0x00000000ed4c0000)
 ParOldGen       total 43008K, used 720K [0x00000000c1000000, 0x00000000c3a00000, 0x00000000eb000000)
  object space 43008K, 1% used [0x00000000c1000000,0x00000000c10b4000,0x00000000c3a00000)
 PSPermGen       total 21248K, used 4803K [0x00000000bbe00000, 0x00000000bd2c0000, 0x00000000c1000000)
  object space 21248K, 22% used [0x00000000bbe00000,0x00000000bc2b0ec0,0x00000000bd2c0000)
Event: 0.611 GC heap after
Heap after GC invocations=2 (full 0):
 PSYoungGen      total 35008K, used 2592K [0x00000000eb000000, 0x00000000ed4c0000, 0x0000000100000000)
  eden space 32384K, 0% used [0x00000000eb000000,0x00000000eb000000,0x00000000ecfa0000)
  from space 2624K, 98% used [0x00000000ed230000,0x00000000ed4b8060,0x00000000ed4c0000)
  to   space 2624K, 0% used [0x00000000ecfa0000,0x00000000ecfa0000,0x00000000ed230000)
 ParOldGen       total 43008K, used 3096K [0x00000000c1000000, 0x00000000c3a00000, 0x00000000eb000000)
  object space 43008K, 7% used [0x00000000c1000000,0x00000000c1306000,0x00000000c3a00000)
 PSPermGen       total 21248K, used 4803K [0x00000000bbe00000, 0x00000000bd2c0000, 0x00000000c1000000)
  object space 21248K, 22% used [0x00000000bbe00000,0x00000000bc2b0ec0,0x00000000bd2c0000)
}
Event: 0.690 GC heap before
{Heap before GC invocations=3 (full 0):
 PSYoungGen      total 35008K, used 34976K [0x00000000eb000000, 0x00000000ed4c0000, 0x0000000100000000)
  eden space 32384K, 100% used [0x00000000eb000000,0x00000000ecfa0000,0x00000000ecfa0000)
  from space 2624K, 98% used [0x00000000ed230000,0x00000000ed4b8060,0x00000000ed4c0000)
  to   space 2624K, 0% used [0x00000000ecfa0000,0x00000000ecfa0000,0x00000000ed230000)
 ParOldGen       total 43008K, used 3096K [0x00000000c1000000, 0x00000000c3a00000, 0x00000000eb000000)
  object space 43008K, 7% used [0x00000000c1000000,0x00000000c1306000,0x00000000c3a00000)
 PSPermGen       total 21248K, used 4803K [0x00000000bbe00000, 0x00000000bd2c0000, 0x00000000c1000000)
  object space 21248K, 22% used [0x00000000bbe00000,0x00000000bc2b0ec0,0x00000000bd2c0000)
Event: 0.714 GC heap after
Heap after GC invocations=3 (full 0):
 PSYoungGen      total 35008K, used 2592K [0x00000000eb000000, 0x00000000ef460000, 0x0000000100000000)
  eden space 32384K, 0% used [0x00000000eb000000,0x00000000eb000000,0x00000000ecfa0000)
  from space 2624K, 98% used [0x00000000ecfa0000,0x00000000ed228060,0x00000000ed230000)
  to   space 2624K, 0% used [0x00000000ef1d0000,0x00000000ef1d0000,0x00000000ef460000)
 ParOldGen       total 43008K, used 8680K [0x00000000c1000000, 0x00000000c3a00000, 0x00000000eb000000)
  object space 43008K, 20% used [0x00000000c1000000,0x00000000c187a000,0x00000000c3a00000)
 PSPermGen       total 21248K, used 4803K [0x00000000bbe00000, 0x00000000bd2c0000, 0x00000000c1000000)
  object space 21248K, 22% used [0x00000000bbe00000,0x00000000bc2b0ec0,0x00000000bd2c0000)
}
Event: 0.767 GC heap before
{Heap before GC invocations=4 (full 0):
 PSYoungGen      total 35008K, used 34976K [0x00000000eb000000, 0x00000000ef460000, 0x0000000100000000)
  eden space 32384K, 100% used [0x00000000eb000000,0x00000000ecfa0000,0x00000000ecfa0000)
  from space 2624K, 98% used [0x00000000ecfa0000,0x00000000ed228060,0x00000000ed230000)
  to   space 2624K, 0% used [0x00000000ef1d0000,0x00000000ef1d0000,0x00000000ef460000)
 ParOldGen       total 43008K, used 8680K [0x00000000c1000000, 0x00000000c3a00000, 0x00000000eb000000)
  object space 43008K, 20% used [0x00000000c1000000,0x00000000c187a000,0x00000000c3a00000)
 PSPermGen       total 21248K, used 4804K [0x00000000bbe00000, 0x00000000bd2c0000, 0x00000000c1000000)
  object space 21248K, 22% used [0x00000000bbe00000,0x00000000bc2b11f0,0x00000000bd2c0000)
Event: 0.822 GC heap after
Heap after GC invocations=4 (full 0):
 PSYoungGen      total 67392K, used 2608K [0x00000000eb000000, 0x00000000ef460000, 0x0000000100000000)
  eden space 64768K, 0% used [0x00000000eb000000,0x00000000eb000000,0x00000000eef40000)
  from space 2624K, 99% used [0x00000000ef1d0000,0x00000000ef45c030,0x00000000ef460000)
  to   space 2624K, 0% used [0x00000000eef40000,0x00000000eef40000,0x00000000ef1d0000)
 ParOldGen       total 43008K, used 14856K [0x00000000c1000000, 0x00000000c3a00000, 0x00000000eb000000)
  object space 43008K, 34% used [0x00000000c1000000,0x00000000c1e82000,0x00000000c3a00000)
 PSPermGen       total 21248K, used 4804K [0x00000000bbe00000, 0x00000000bd2c0000, 0x00000000c1000000)
  object space 21248K, 22% used [0x00000000bbe00000,0x00000000bc2b11f0,0x00000000bd2c0000)
}
Event: 0.923 GC heap before
{Heap before GC invocations=5 (full 0):
 PSYoungGen      total 67392K, used 67376K [0x00000000eb000000, 0x00000000ef460000, 0x0000000100000000)
  eden space 64768K, 100% used [0x00000000eb000000,0x00000000eef40000,0x00000000eef40000)
  from space 2624K, 99% used [0x00000000ef1d0000,0x00000000ef45c030,0x00000000ef460000)
  to   space 2624K, 0% used [0x00000000eef40000,0x00000000eef40000,0x00000000ef1d0000)
 ParOldGen       total 43008K, used 14856K [0x00000000c1000000, 0x00000000c3a00000, 0x00000000eb000000)
  object space 43008K, 34% used [0x00000000c1000000,0x00000000c1e82000,0x00000000c3a00000)
 PSPermGen       total 21248K, used 4804K [0x00000000bbe00000, 0x00000000bd2c0000, 0x00000000c1000000)
  object space 21248K, 22% used [0x00000000bbe00000,0x00000000bc2b1378,0x00000000bd2c0000)
Event: 0.966 GC heap after
Heap after GC invocations=5 (full 0):
 PSYoungGen      total 67392K, used 2608K [0x00000000eb000000, 0x00000000f4aa0000, 0x0000000100000000)
  eden space 64768K, 0% used [0x00000000eb000000,0x00000000eb000000,0x00000000eef40000)
  from space 2624K, 99% used [0x00000000eef40000,0x00000000ef1cc020,0x00000000ef1d0000)
  to   space 14400K, 0% used [0x00000000f3c90000,0x00000000f3c90000,0x00000000f4aa0000)
 ParOldGen       total 43008K, used 25128K [0x00000000c1000000, 0x00000000c3a00000, 0x00000000eb000000)
  object space 43008K, 58% used [0x00000000c1000000,0x00000000c288a030,0x00000000c3a00000)
 PSPermGen       total 21248K, used 4804K [0x00000000bbe00000, 0x00000000bd2c0000, 0x00000000c1000000)
  object space 21248K, 22% used [0x00000000bbe00000,0x00000000bc2b1378,0x00000000bd2c0000)
}
Event: 1.064 GC heap before
{Heap before GC invocations=6 (full 0):
 PSYoungGen      total 67392K, used 67376K [0x00000000eb000000, 0x00000000f4aa0000, 0x0000000100000000)
  eden space 64768K, 100% used [0x00000000eb000000,0x00000000eef40000,0x00000000eef40000)
  from space 2624K, 99% used [0x00000000eef40000,0x00000000ef1cc020,0x00000000ef1d0000)
  to   space 14400K, 0% used [0x00000000f3c90000,0x00000000f3c90000,0x00000000f4aa0000)
 ParOldGen       total 43008K, used 25128K [0x00000000c1000000, 0x00000000c3a00000, 0x00000000eb000000)
  object space 43008K, 58% used [0x00000000c1000000,0x00000000c288a030,0x00000000c3a00000)
 PSPermGen       total 21248K, used 4805K [0x00000000bbe00000, 0x00000000bd2c0000, 0x00000000c1000000)
  object space 21248K, 22% used [0x00000000bbe00000,0x00000000bc2b1528,0x00000000bd2c0000)
Event: 1.118 GC heap after
Heap after GC invocations=6 (full 0):
 PSYoungGen      total 141184K, used 14368K [0x00000000eb000000, 0x00000000f5000000, 0x0000000100000000)
  eden space 126784K, 0% used [0x00000000eb000000,0x00000000eb000000,0x00000000f2bd0000)
  from space 14400K, 99% used [0x00000000f3c90000,0x00000000f4a98030,0x00000000f4aa0000)
  to   space 17152K, 0% used [0x00000000f2bd0000,0x00000000f2bd0000,0x00000000f3c90000)
 ParOldGen       total 43008K, used 25160K [0x00000000c1000000, 0x00000000c3a00000, 0x00000000eb000000)
  object space 43008K, 58% used [0x00000000c1000000,0x00000000c2892030,0x00000000c3a00000)
 PSPermGen       total 21248K, used 4805K [0x00000000bbe00000, 0x00000000bd2c0000, 0x00000000c1000000)
  object space 21248K, 22% used [0x00000000bbe00000,0x00000000bc2b1528,0x00000000bd2c0000)
}

