# JRE version: 7.0_25-b17
# Java VM: Java HotSpot(TM) 64-Bit Server VM (23.25-b01 mixed mode windows-amd64 compressed oops)
Heap
 PSYoungGen      total 141184K, used 92967K [0x00000000eb000000, 0x00000000f5000000, 0x0000000100000000)
  eden space 126784K, 61% used [0x00000000eb000000,0x00000000efcc1c40,0x00000000f2bd0000)
  from space 14400K, 99% used [0x00000000f3c90000,0x00000000f4a98030,0x00000000f4aa0000)
  to   space 17152K, 0% used [0x00000000f2bd0000,0x00000000f2bd0000,0x00000000f3c90000)
 ParOldGen       total 43008K, used 25150K [0x00000000c1000000, 0x00000000c3a00000, 0x00000000eb000000)
  object space 43008K, 58% used [0x00000000c1000000,0x00000000c288f9d0,0x00000000c3a00000)
 PSPermGen       total 21248K, used 5080K [0x00000000bbe00000, 0x00000000bd2c0000, 0x00000000c1000000)
  object space 21248K, 23% used [0x00000000bbe00000,0x00000000bc2f60f8,0x00000000bd2c0000)
GC Heap History (10 events):
Event: 0.601 GC heap before
{Heap before GC invocations=2 (full 0):
 PSYoungGen      total 18816K, used 18784K [0x00000000eb000000, 0x00000000ed4c0000, 0x0000000100000000)
  eden space 16192K, 100% used [0x00000000eb000000,0x00000000ebfd0000,0x00000000ebfd0000)
  from space 2624K, 98% used [0x00000000ebfd0000,0x00000000ec258020,0x00000000ec260000)
  to   space 2624K, 0% used [0x00000000ed230000,0x00000000ed230000,0x00000000ed4c0000)
 ParOldGen       total 43008K, used 744K [0x00000000c1000000, 0x00000000c3a00000, 0x00000000eb000000)
  object space 43008K, 1% used [0x00000000c1000000,0x00000000c10ba000,0x00000000c3a00000)
 PSPermGen       total 21248K, used 4802K [0x00000000bbe00000, 0x00000000bd2c0000, 0x00000000c1000000)
  object space 21248K, 22% used [0x00000000bbe00000,0x00000000bc2b0840,0x00000000bd2c0000)
Event: 0.617 GC heap after
Heap after GC invocations=2 (full 0):
 PSYoungGen      total 35008K, used 2592K [0x00000000eb000000, 0x00000000ed4c0000, 0x0000000100000000)
  eden space 32384K, 0% used [0x00000000eb000000,0x00000000eb000000,0x00000000ecfa0000)
  from space 2624K, 98% used [0x00000000ed230000,0x00000000ed4b8040,0x00000000ed4c0000)
  to   space 2624K, 0% used [0x00000000ecfa0000,0x00000000ecfa0000,0x00000000ed230000)
 ParOldGen       total 43008K, used 3080K [0x00000000c1000000, 0x00000000c3a00000, 0x00000000eb000000)
  object space 43008K, 7% used [0x00000000c1000000,0x00000000c1302000,0x00000000c3a00000)
 PSPermGen       total 21248K, used 4802K [0x00000000bbe00000, 0x00000000bd2c0000, 0x00000000c1000000)
  object space 21248K, 22% used [0x00000000bbe00000,0x00000000bc2b0840,0x00000000bd2c0000)
}
Event: 0.697 GC heap before
{Heap before GC invocations=3 (full 0):
 PSYoungGen      total 35008K, used 34976K [0x00000000eb000000, 0x00000000ed4c0000, 0x0000000100000000)
  eden space 32384K, 100% used [0x00000000eb000000,0x00000000ecfa0000,0x00000000ecfa0000)
  from space 2624K, 98% used [0x00000000ed230000,0x00000000ed4b8040,0x00000000ed4c0000)
  to   space 2624K, 0% used [0x00000000ecfa0000,0x00000000ecfa0000,0x00000000ed230000)
 ParOldGen       total 43008K, used 3080K [0x00000000c1000000, 0x00000000c3a00000, 0x00000000eb000000)
  object space 43008K, 7% used [0x00000000c1000000,0x00000000c1302000,0x00000000c3a00000)
 PSPermGen       total 21248K, used 4802K [0x00000000bbe00000, 0x00000000bd2c0000, 0x00000000c1000000)
  object space 21248K, 22% used [0x00000000bbe00000,0x00000000bc2b0840,0x00000000bd2c0000)
Event: 0.733 GC heap after
Heap after GC invocations=3 (full 0):
 PSYoungGen      total 35008K, used 2608K [0x00000000eb000000, 0x00000000ef460000, 0x0000000100000000)
  eden space 32384K, 0% used [0x00000000eb000000,0x00000000eb000000,0x00000000ecfa0000)
  from space 2624K, 99% used [0x00000000ecfa0000,0x00000000ed22c030,0x00000000ed230000)
  to   space 2624K, 0% used [0x00000000ef1d0000,0x00000000ef1d0000,0x00000000ef460000)
 ParOldGen       total 43008K, used 8648K [0x00000000c1000000, 0x00000000c3a00000, 0x00000000eb000000)
  object space 43008K, 20% used [0x00000000c1000000,0x00000000c1872000,0x00000000c3a00000)
 PSPermGen       total 21248K, used 4802K [0x00000000bbe00000, 0x00000000bd2c0000, 0x00000000c1000000)
  object space 21248K, 22% used [0x00000000bbe00000,0x00000000bc2b0840,0x00000000bd2c0000)
}
Event: 0.791 GC heap before
{Heap before GC invocations=4 (full 0):
 PSYoungGen      total 35008K, used 34992K [0x00000000eb000000, 0x00000000ef460000, 0x0000000100000000)
  eden space 32384K, 100% used [0x00000000eb000000,0x00000000ecfa0000,0x00000000ecfa0000)
  from space 2624K, 99% used [0x00000000ecfa0000,0x00000000ed22c030,0x00000000ed230000)
  to   space 2624K, 0% used [0x00000000ef1d0000,0x00000000ef1d0000,0x00000000ef460000)
 ParOldGen       total 43008K, used 8648K [0x00000000c1000000, 0x00000000c3a00000, 0x00000000eb000000)
  object space 43008K, 20% used [0x00000000c1000000,0x00000000c1872000,0x00000000c3a00000)
 PSPermGen       total 21248K, used 4802K [0x00000000bbe00000, 0x00000000bd2c0000, 0x00000000c1000000)
  object space 21248K, 22% used [0x00000000bbe00000,0x00000000bc2b0b70,0x00000000bd2c0000)
Event: 0.854 GC heap after
Heap after GC invocations=4 (full 0):
 PSYoungGen      total 67392K, used 2592K [0x00000000eb000000, 0x00000000ef460000, 0x0000000100000000)
  eden space 64768K, 0% used [0x00000000eb000000,0x00000000eb000000,0x00000000eef40000)
  from space 2624K, 98% used [0x00000000ef1d0000,0x00000000ef458040,0x00000000ef460000)
  to   space 2624K, 0% used [0x00000000eef40000,0x00000000eef40000,0x00000000ef1d0000)
 ParOldGen       total 43008K, used 14864K [0x00000000c1000000, 0x00000000c3a00000, 0x00000000eb000000)
  object space 43008K, 34% used [0x00000000c1000000,0x00000000c1e84020,0x00000000c3a00000)
 PSPermGen       total 21248K, used 4802K [0x00000000bbe00000, 0x00000000bd2c0000, 0x00000000c1000000)
  object space 21248K, 22% used [0x00000000bbe00000,0x00000000bc2b0b70,0x00000000bd2c0000)
}
Event: 0.978 GC heap before
{Heap before GC invocations=5 (full 0):
 PSYoungGen      total 67392K, used 67360K [0x00000000eb000000, 0x00000000ef460000, 0x0000000100000000)
  eden space 64768K, 100% used [0x00000000eb000000,0x00000000eef40000,0x00000000eef40000)
  from space 2624K, 98% used [0x00000000ef1d0000,0x00000000ef458040,0x00000000ef460000)
  to   space 2624K, 0% used [0x00000000eef40000,0x00000000eef40000,0x00000000ef1d0000)
 ParOldGen       total 43008K, used 14864K [0x00000000c1000000, 0x00000000c3a00000, 0x00000000eb000000)
  object space 43008K, 34% used [0x00000000c1000000,0x00000000c1e84020,0x00000000c3a00000)
 PSPermGen       total 21248K, used 4803K [0x00000000bbe00000, 0x00000000bd2c0000, 0x00000000c1000000)
  object space 21248K, 22% used [0x00000000bbe00000,0x00000000bc2b0cf8,0x00000000bd2c0000)
Event: 1.024 GC heap after
Heap after GC invocations=5 (full 0):
 PSYoungGen      total 67392K, used 2592K [0x00000000eb000000, 0x00000000f4aa0000, 0x0000000100000000)
  eden space 64768K, 0% used [0x00000000eb000000,0x00000000eb000000,0x00000000eef40000)
  from space 2624K, 98% used [0x00000000eef40000,0x00000000ef1c8030,0x00000000ef1d0000)
  to   space 14400K, 0% used [0x00000000f3c90000,0x00000000f3c90000,0x00000000f4aa0000)
 ParOldGen       total 43008K, used 25134K [0x00000000c1000000, 0x00000000c3a00000, 0x00000000eb000000)
  object space 43008K, 58% used [0x00000000c1000000,0x00000000c288b9d0,0x00000000c3a00000)
 PSPermGen       total 21248K, used 4803K [0x00000000bbe00000, 0x00000000bd2c0000, 0x00000000c1000000)
  object space 21248K, 22% used [0x00000000bbe00000,0x00000000bc2b0cf8,0x00000000bd2c0000)
}
Event: 1.125 GC heap before
{Heap before GC invocations=6 (full 0):
 PSYoungGen      total 67392K, used 67360K [0x00000000eb000000, 0x00000000f4aa0000, 0x0000000100000000)
  eden space 64768K, 100% used [0x00000000eb000000,0x00000000eef40000,0x00000000eef40000)
  from space 2624K, 98% used [0x00000000eef40000,0x00000000ef1c8030,0x00000000ef1d0000)
  to   space 14400K, 0% used [0x00000000f3c90000,0x00000000f3c90000,0x00000000f4aa0000)
 ParOldGen       total 43008K, used 25134K [0x00000000c1000000, 0x00000000c3a00000, 0x00000000eb000000)
  object space 43008K, 58% used [0x00000000c1000000,0x00000000c288b9d0,0x00000000c3a00000)
 PSPermGen       total 21248K, used 4803K [0x00000000bbe00000, 0x00000000bd2c0000, 0x00000000c1000000)
  object space 21248K, 22% used [0x00000000bbe00000,0x00000000bc2b0ea8,0x00000000bd2c0000)
Event: 1.181 GC heap after
Heap after GC invocations=6 (full 0):
 PSYoungGen      total 141184K, used 14368K [0x00000000eb000000, 0x00000000f5000000, 0x0000000100000000)
  eden space 126784K, 0% used [0x00000000eb000000,0x00000000eb000000,0x00000000f2bd0000)
  from space 14400K, 99% used [0x00000000f3c90000,0x00000000f4a98030,0x00000000f4aa0000)
  to   space 17152K, 0% used [0x00000000f2bd0000,0x00000000f2bd0000,0x00000000f3c90000)
 ParOldGen       total 43008K, used 25150K [0x00000000c1000000, 0x00000000c3a00000, 0x00000000eb000000)
  object space 43008K, 58% used [0x00000000c1000000,0x00000000c288f9d0,0x00000000c3a00000)
 PSPermGen       total 21248K, used 4803K [0x00000000bbe00000, 0x00000000bd2c0000, 0x00000000c1000000)
  object space 21248K, 22% used [0x00000000bbe00000,0x00000000bc2b0ea8,0x00000000bd2c0000)
}

